test
my_model_nmse_inter_dice.pickle
/envau/work/meca/data/Fetus/datasets/MarsFet/derivatives/preprocessing/sub-0018/ses-0021/sub-0018_ses-0021_acq-haste_run-1_desc-denoised_T2w.nii.gz
------------load images--------------------
i_image 1
/envau/work/meca/data/Fetus/datasets/MarsFet/derivatives/preprocessing/sub-0018/ses-0021/sub-0018_ses-0021_acq-haste_run-2_desc-denoised_T2w.nii.gz
------------load images--------------------
orx : 0.9855191661528189 ory : 0.12879875690185677 orz : 0.11028532747875278
1  : Coronal
i_image 2
/envau/work/meca/data/Fetus/datasets/MarsFet/derivatives/preprocessing/sub-0018/ses-0021/sub-0018_ses-0021_acq-haste_run-3_desc-denoised_T2w.nii.gz
------------load images--------------------
orx : 0.07917975925418026 ory : 0.9965602873441146 orz : 0.024457296588754673
2  : Sagittal
i_image 3


--Method use for optimisation is : Nelder-Mead
Nelder-Mead
--Parameters value for optimisation are : 
ds =  4
fs =  0.25


--Other Parameters :
th =  0.25
Omega =  0
Multi-start : True
Path to classifier is : my_model_nmse_inter_dice.pickle


----Start Registration :
my_model_nmse_inter_dice.pickle
The MSE before optimization is : 0.7476449454071395
The DICE before optimisation is : 0.952003976001988


Iteration 0 : 
ds =  4.0
fs = 0.25
th = 0.6123724356957945
omega = 0
local_iteration : 0 global_iteration : 0
costMse: 0.4063802561007438
Dice: 0.5475116146930045
Iteration 0 was done in 0 hours 2 minutes and 45 seconds


Iteration 1 : 
ds =  2.0
fs = 0.125
th = 0.30618621784789724
omega = 0
local_iteration : 0 global_iteration : 0
costMse: 0.3807417513627335
Dice: 0.5483605735485811
Iteration 1 was done in 0 hours 2 minutes and 29 seconds


Iteration 2 : 
ds =  1.0
fs = 0.0625
th = 0.15309310892394862
omega = 0
local_iteration : 0 global_iteration : 0
costMse: 0.3772469021062096
Dice: 0.5491360005347772
Iteration 2 was done in 0 hours 2 minutes and 19 seconds


Iteration 3 : 
ds =  0.5
fs = 0.03125
th = 0.07654655446197431
omega = 0
local_iteration : 0 global_iteration : 0
costMse: 0.37647834367658356
Dice: 0.5490624686653965
Iteration 3 was done in 0 hours 2 minutes and 12 seconds


Outliers'detection  :
The global optimisation was done in 0 hours 10 minutes and 8 seconds


-----End Registration :
-----Save Results : 
-----Save Results for NiftyMIC
[(1, 0), (1, 22), (2, 19)]
(0, 1)
False
(0, 2)
False
(0, 3)
False
(0, 4)
False
(0, 5)
False
(0, 6)
False
(0, 7)
False
(0, 8)
False
(0, 9)
False
(0, 10)
False
(0, 11)
False
(0, 12)
False
(0, 13)
False
(0, 14)
False
(0, 15)
False
(0, 16)
False
(0, 17)
False
(0, 18)
False
(1, 0)
True
(1, 1)
False
(1, 2)
False
(1, 3)
False
(1, 4)
False
(1, 5)
False
(1, 6)
False
(1, 7)
False
(1, 8)
False
(1, 9)
False
(1, 10)
False
(1, 11)
False
(1, 12)
False
(1, 13)
False
(1, 14)
False
(1, 15)
False
(1, 16)
False
(1, 17)
False
(1, 18)
False
(1, 19)
False
(1, 20)
False
(1, 21)
False
(1, 22)
True
(2, 2)
False
(2, 3)
False
(2, 4)
False
(2, 5)
False
(2, 6)
False
(2, 7)
False
(2, 8)
False
(2, 9)
False
(2, 10)
False
(2, 11)
False
(2, 12)
False
(2, 13)
False
(2, 14)
False
(2, 15)
False
(2, 16)
False
(2, 17)
False
(2, 18)
False
(2, 19)
True
test
my_model_nmse_inter_dice.pickle
/envau/work/meca/data/Fetus/datasets/MarsFet/derivatives/preprocessing/sub-0018/ses-0021/sub-0018_ses-0021_acq-haste_run-1_desc-denoised_T2w.nii.gz
------------load images--------------------
i_image 1
/envau/work/meca/data/Fetus/datasets/MarsFet/derivatives/preprocessing/sub-0018/ses-0021/sub-0018_ses-0021_acq-haste_run-2_desc-denoised_T2w.nii.gz
------------load images--------------------
orx : 0.9855191661528189 ory : 0.12879875690185677 orz : 0.11028532747875278
1  : Coronal
i_image 2
/envau/work/meca/data/Fetus/datasets/MarsFet/derivatives/preprocessing/sub-0018/ses-0021/sub-0018_ses-0021_acq-haste_run-3_desc-denoised_T2w.nii.gz
------------load images--------------------
orx : 0.07917975925418026 ory : 0.9965602873441146 orz : 0.024457296588754673
2  : Sagittal
i_image 3


--Method use for optimisation is : Nelder-Mead
Nelder-Mead
--Parameters value for optimisation are : 
ds =  4
fs =  0.25


--Other Parameters :
th =  0.25
Omega =  0
Multi-start : True
Path to classifier is : my_model_nmse_inter_dice.pickle


----Start Registration :
my_model_nmse_inter_dice.pickle
The MSE before optimization is : 0.7476449454071395
The DICE before optimisation is : 0.952003976001988


Iteration 0 : 
ds =  4.0
fs = 0.25
th = 0.6123724356957945
omega = 0
local_iteration : 0 global_iteration : 0
costMse: 0.405571743580584
Dice: 0.5513486413315953
Iteration 0 was done in 0 hours 2 minutes and 43 seconds


Iteration 1 : 
ds =  2.0
fs = 0.125
th = 0.30618621784789724
omega = 0
local_iteration : 0 global_iteration : 0
costMse: 0.38204179620688794
Dice: 0.5516695076707109
Iteration 1 was done in 0 hours 2 minutes and 30 seconds


Iteration 2 : 
ds =  1.0
fs = 0.0625
th = 0.15309310892394862
omega = 0
local_iteration : 0 global_iteration : 0
costMse: 0.3782604698948321
Dice: 0.5511079915772586
Iteration 2 was done in 0 hours 2 minutes and 29 seconds


Iteration 3 : 
ds =  0.5
fs = 0.03125
th = 0.07654655446197431
omega = 0
local_iteration : 0 global_iteration : 0
costMse: 0.37737653051687314
Dice: 0.5509742972692938
Iteration 3 was done in 0 hours 2 minutes and 22 seconds


Outliers'detection  :
The global optimisation was done in 0 hours 11 minutes and 30 seconds


-----End Registration :
-----Save Results : 
-----Save Results for NiftyMIC
[(1, 0), (1, 22), (2, 19)]
(0, 1)
False
(0, 2)
False
(0, 3)
False
(0, 4)
False
(0, 5)
False
(0, 6)
False
(0, 7)
False
(0, 8)
False
(0, 9)
False
(0, 10)
False
(0, 11)
False
(0, 12)
False
(0, 13)
False
(0, 14)
False
(0, 15)
False
(0, 16)
False
(0, 17)
False
(0, 18)
False
(1, 0)
True
(1, 1)
False
(1, 2)
False
(1, 3)
False
(1, 4)
False
(1, 5)
False
(1, 6)
False
(1, 7)
False
(1, 8)
False
(1, 9)
False
(1, 10)
False
(1, 11)
False
(1, 12)
False
(1, 13)
False
(1, 14)
False
(1, 15)
False
(1, 16)
False
(1, 17)
False
(1, 18)
False
(1, 19)
False
(1, 20)
False
(1, 21)
False
(1, 22)
True
(2, 2)
False
(2, 3)
False
(2, 4)
False
(2, 5)
False
(2, 6)
False
(2, 7)
False
(2, 8)
False
(2, 9)
False
(2, 10)
False
(2, 11)
False
(2, 12)
False
(2, 13)
False
(2, 14)
False
(2, 15)
False
(2, 16)
False
(2, 17)
False
(2, 18)
False
(2, 19)
True
test
my_model_nmse_inter_dice.pickle
/envau/work/meca/data/Fetus/datasets/MarsFet/derivatives/preprocessing/sub-0018/ses-0021/sub-0018_ses-0021_acq-haste_run-1_desc-denoised_T2w.nii.gz
------------load images--------------------
i_image 1
/envau/work/meca/data/Fetus/datasets/MarsFet/derivatives/preprocessing/sub-0018/ses-0021/sub-0018_ses-0021_acq-haste_run-2_desc-denoised_T2w.nii.gz
------------load images--------------------
orx : 0.9855191661528189 ory : 0.12879875690185677 orz : 0.11028532747875278
1  : Coronal
i_image 2
/envau/work/meca/data/Fetus/datasets/MarsFet/derivatives/preprocessing/sub-0018/ses-0021/sub-0018_ses-0021_acq-haste_run-3_desc-denoised_T2w.nii.gz
------------load images--------------------
orx : 0.07917975925418026 ory : 0.9965602873441146 orz : 0.024457296588754673
2  : Sagittal
i_image 3


--Method use for optimisation is : Nelder-Mead
Nelder-Mead
--Parameters value for optimisation are : 
ds =  4
fs =  0.25


--Other Parameters :
th =  0.25
Omega =  0
Multi-start : True
Path to classifier is : my_model_nmse_inter_dice.pickle


----Start Registration :
my_model_nmse_inter_dice.pickle
The MSE before optimization is : 0.7476449454071395
The DICE before optimisation is : 0.952003976001988


Iteration 0 : 
ds =  4.0
fs = 0.25
th = 0.6123724356957945
omega = 0
local_iteration : 0 global_iteration : 0
costMse: 0.40501889936535174
Dice: 0.550954243123099
Iteration 0 was done in 0 hours 2 minutes and 42 seconds


Iteration 1 : 
ds =  2.0
fs = 0.125
th = 0.30618621784789724
omega = 0
local_iteration : 0 global_iteration : 0
costMse: 0.381380478171002
Dice: 0.55015207727531
Iteration 1 was done in 0 hours 2 minutes and 31 seconds


Iteration 2 : 
ds =  1.0
fs = 0.0625
th = 0.15309310892394862
omega = 0
local_iteration : 0 global_iteration : 0
costMse: 0.3777735494437184
Dice: 0.5504395200374345
Iteration 2 was done in 0 hours 2 minutes and 27 seconds


Iteration 3 : 
ds =  0.5
fs = 0.03125
th = 0.07654655446197431
omega = 0
local_iteration : 0 global_iteration : 0
costMse: 0.3770113582038715
Dice: 0.5503191951602661
Iteration 3 was done in 0 hours 2 minutes and 19 seconds


Outliers'detection  :
The global optimisation was done in 0 hours 11 minutes and 58 seconds


-----End Registration :
-----Save Results : 
-----Save Results for NiftyMIC
[(1, 0), (1, 22), (2, 19)]
(0, 1)
False
(0, 2)
False
(0, 3)
False
(0, 4)
False
(0, 5)
False
(0, 6)
False
(0, 7)
False
(0, 8)
False
(0, 9)
False
(0, 10)
False
(0, 11)
False
(0, 12)
False
(0, 13)
False
(0, 14)
False
(0, 15)
False
(0, 16)
False
(0, 17)
False
(0, 18)
False
(1, 0)
True
(1, 1)
False
(1, 2)
False
(1, 3)
False
(1, 4)
False
(1, 5)
False
(1, 6)
False
(1, 7)
False
(1, 8)
False
(1, 9)
False
(1, 10)
False
(1, 11)
False
(1, 12)
False
(1, 13)
False
(1, 14)
False
(1, 15)
False
(1, 16)
False
(1, 17)
False
(1, 18)
False
(1, 19)
False
(1, 20)
False
(1, 21)
False
(1, 22)
True
(2, 2)
False
(2, 3)
False
(2, 4)
False
(2, 5)
False
(2, 6)
False
(2, 7)
False
(2, 8)
False
(2, 9)
False
(2, 10)
False
(2, 11)
False
(2, 12)
False
(2, 13)
False
(2, 14)
False
(2, 15)
False
(2, 16)
False
(2, 17)
False
(2, 18)
False
(2, 19)
True
test
my_model_nmse_inter_dice.pickle
/envau/work/meca/data/Fetus/datasets/MarsFet/derivatives/preprocessing/sub-0018/ses-0021/sub-0018_ses-0021_acq-haste_run-1_desc-denoised_T2w.nii.gz
------------load images--------------------
i_image 1
/envau/work/meca/data/Fetus/datasets/MarsFet/derivatives/preprocessing/sub-0018/ses-0021/sub-0018_ses-0021_acq-haste_run-2_desc-denoised_T2w.nii.gz
------------load images--------------------
orx : 0.9855191661528189 ory : 0.12879875690185677 orz : 0.11028532747875278
1  : Coronal
i_image 2
/envau/work/meca/data/Fetus/datasets/MarsFet/derivatives/preprocessing/sub-0018/ses-0021/sub-0018_ses-0021_acq-haste_run-3_desc-denoised_T2w.nii.gz
------------load images--------------------
orx : 0.07917975925418026 ory : 0.9965602873441146 orz : 0.024457296588754673
2  : Sagittal
i_image 3


--Method use for optimisation is : Nelder-Mead
Nelder-Mead
--Parameters value for optimisation are : 
ds =  4
fs =  0.25


--Other Parameters :
th =  0.25
Omega =  0
Multi-start : True
Path to classifier is : my_model_nmse_inter_dice.pickle


----Start Registration :
my_model_nmse_inter_dice.pickle
The MSE before optimization is : 0.7476449454071395
The DICE before optimisation is : 0.952003976001988


Iteration 0 : 
ds =  4.0
fs = 0.25
th = 0.6123724356957945
omega = 0
local_iteration : 0 global_iteration : 0
costMse: 0.40415193839700253
Dice: 0.5496039306126541
Iteration 0 was done in 0 hours 2 minutes and 51 seconds


Iteration 1 : 
ds =  2.0
fs = 0.125
th = 0.30618621784789724
omega = 0
local_iteration : 0 global_iteration : 0
costMse: 0.3798157040237565
Dice: 0.5501988702830977
Iteration 1 was done in 0 hours 2 minutes and 44 seconds


Iteration 2 : 
ds =  1.0
fs = 0.0625
th = 0.15309310892394862
omega = 0
local_iteration : 0 global_iteration : 0
costMse: 0.37718073488605136
Dice: 0.5504662588990273
Iteration 2 was done in 0 hours 2 minutes and 39 seconds


Iteration 3 : 
ds =  0.5
fs = 0.03125
th = 0.07654655446197431
omega = 0
local_iteration : 0 global_iteration : 0
costMse: 0.37653372755510656
Dice: 0.5504595741836291
Iteration 3 was done in 0 hours 2 minutes and 29 seconds


Outliers'detection  :
The global optimisation was done in 0 hours 12 minutes and 40 seconds


-----End Registration :
-----Save Results : 
-----Save Results for NiftyMIC
[(1, 0), (1, 22), (2, 19)]
(0, 1)
False
(0, 2)
False
(0, 3)
False
(0, 4)
False
(0, 5)
False
(0, 6)
False
(0, 7)
False
(0, 8)
False
(0, 9)
False
(0, 10)
False
(0, 11)
False
(0, 12)
False
(0, 13)
False
(0, 14)
False
(0, 15)
False
(0, 16)
False
(0, 17)
False
(0, 18)
False
(1, 0)
True
(1, 1)
False
(1, 2)
False
(1, 3)
False
(1, 4)
False
(1, 5)
False
(1, 6)
False
(1, 7)
False
(1, 8)
False
(1, 9)
False
(1, 10)
False
(1, 11)
False
(1, 12)
False
(1, 13)
False
(1, 14)
False
(1, 15)
False
(1, 16)
False
(1, 17)
False
(1, 18)
False
(1, 19)
False
(1, 20)
False
(1, 21)
False
(1, 22)
True
(2, 2)
False
(2, 3)
False
(2, 4)
False
(2, 5)
False
(2, 6)
False
(2, 7)
False
(2, 8)
False
(2, 9)
False
(2, 10)
False
(2, 11)
False
(2, 12)
False
(2, 13)
False
(2, 14)
False
(2, 15)
False
(2, 16)
False
(2, 17)
False
(2, 18)
False
(2, 19)
True
bash: tests.sh: Aucun fichier ou dossier de ce type
test
my_model_nmse_inter_dice.pickle
/envau/work/meca/data/Fetus/datasets/MarsFet/derivatives/preprocessing/sub-0018/ses-0021/sub-0018_ses-0021_acq-haste_run-1_desc-denoised_T2w.nii.gz
------------load images--------------------
i_image 1
/envau/work/meca/data/Fetus/datasets/MarsFet/derivatives/preprocessing/sub-0018/ses-0021/sub-0018_ses-0021_acq-haste_run-2_desc-denoised_T2w.nii.gz
------------load images--------------------
orx : 0.9855191661528189 ory : 0.12879875690185677 orz : 0.11028532747875278
1  : Coronal
i_image 2
/envau/work/meca/data/Fetus/datasets/MarsFet/derivatives/preprocessing/sub-0018/ses-0021/sub-0018_ses-0021_acq-haste_run-3_desc-denoised_T2w.nii.gz
------------load images--------------------
orx : 0.07917975925418026 ory : 0.9965602873441146 orz : 0.024457296588754673
2  : Sagittal
i_image 3


--Method use for optimisation is : Nelder-Mead
Nelder-Mead
--Parameters value for optimisation are : 
ds =  4
fs =  0.25


--Other Parameters :
th =  0.25
Omega =  0
Multi-start : True
Path to classifier is : my_model_nmse_inter_dice.pickle


----Start Registration :
my_model_nmse_inter_dice.pickle
The MSE before optimization is : 0.7476449454071395
The DICE before optimisation is : 0.952003976001988


Iteration 0 : 
ds =  4.0
fs = 0.25
th = 0.6123724356957945
omega = 0
local_iteration : 0 global_iteration : 0
costMse: 0.4051175108032961
Dice: 0.5479929142016778
Iteration 0 was done in 0 hours 2 minutes and 50 seconds


Iteration 1 : 
ds =  2.0
fs = 0.125
th = 0.30618621784789724
omega = 0
local_iteration : 0 global_iteration : 0
costMse: 0.3811353053465886
Dice: 0.5492630101273438
Iteration 1 was done in 0 hours 2 minutes and 44 seconds


Iteration 2 : 
ds =  1.0
fs = 0.0625
th = 0.15309310892394862
omega = 0
local_iteration : 0 global_iteration : 0
costMse: 0.3782597283821127
Dice: 0.5496106153280524
Iteration 2 was done in 0 hours 2 minutes and 37 seconds


Iteration 3 : 
ds =  0.5
fs = 0.03125
th = 0.07654655446197431
omega = 0
local_iteration : 0 global_iteration : 0
costMse: 0.37733016612972525
Dice: 0.5499983288211504
Iteration 3 was done in 0 hours 2 minutes and 32 seconds


Outliers'detection  :
The global optimisation was done in 0 hours 12 minutes and 39 seconds


-----End Registration :
-----Save Results : 
-----Save Results for NiftyMIC
[(1, 0), (2, 19)]
(0, 1)
False
(0, 2)
False
(0, 3)
False
(0, 4)
False
(0, 5)
False
(0, 6)
False
(0, 7)
False
(0, 8)
False
(0, 9)
False
(0, 10)
False
(0, 11)
False
(0, 12)
False
(0, 13)
False
(0, 14)
False
(0, 15)
False
(0, 16)
False
(0, 17)
False
(0, 18)
False
(1, 0)
True
(1, 1)
False
(1, 2)
False
(1, 3)
False
(1, 4)
False
(1, 5)
False
(1, 6)
False
(1, 7)
False
(1, 8)
False
(1, 9)
False
(1, 10)
False
(1, 11)
False
(1, 12)
False
(1, 13)
False
(1, 14)
False
(1, 15)
False
(1, 16)
False
(1, 17)
False
(1, 18)
False
(1, 19)
False
(1, 20)
False
(1, 21)
False
(1, 22)
False
(2, 2)
False
(2, 3)
False
(2, 4)
False
(2, 5)
False
(2, 6)
False
(2, 7)
False
(2, 8)
False
(2, 9)
False
(2, 10)
False
(2, 11)
False
(2, 12)
False
(2, 13)
False
(2, 14)
False
(2, 15)
False
(2, 16)
False
(2, 17)
False
(2, 18)
False
(2, 19)
True
